<?xml version="1.0" encoding="UTF-8"?>
<testsuite xmlns:xsi="http://www.w3.org/2001/XMLSchema-instance" xsi:schemaLocation="https://maven.apache.org/surefire/maven-surefire-plugin/xsd/surefire-test-report.xsd" name="Runner.TestRunner" time="6.147" tests="6" errors="0" skipped="0" failures="0">
  <properties>
[...]
</properties>
  <testcase name="Given I naviate to login page" classname="Scenario: Login with correct username and password" time="0"/>
  <testcase name="And See how ccucmber-java8 looks like" classname="Scenario: Login with correct username and password" time="0"/>
  <testcase name="When I enter the following value for Login" classname="Scenario: Login with correct username and password" time="0"/>
  <testcase name="And I click login button" classname="Scenario: Login with correct username and password" time="0"/>
  <testcase name="Then I should see the userform page" classname="Scenario: Login with correct username and password" time="0"/>
  <testcase name="Scenario: Login with correct username and password" classname="Scenario: Login with correct username and password" time="0.189"/>
</testsuite>